#0 building with "default" instance using docker driver

#1 [internal] load build definition from Dockerfile
#1 transferring dockerfile: 2.45kB done
#1 DONE 0.0s

#2 [internal] load metadata for docker.io/nvidia/cuda:13.0.1-devel-rockylinux9
#2 DONE 0.2s

#3 [internal] load .dockerignore
#3 transferring context: 2B done
#3 DONE 0.0s

#4 [ 1/17] FROM docker.io/nvidia/cuda:13.0.1-devel-rockylinux9@sha256:88ed721a7673f8ffdc736e50937197df5a4725e485f78bc35bd121d96c861efd
#4 DONE 0.0s

#5 [ 6/17] RUN mkdir -p /opt/osmdata
#5 CACHED

#6 [ 7/17] RUN mkdir -p /opt/osmdata && chown -R postgres:postgres /opt/osmdata && chmod 777 /opt/osmdata
#6 CACHED

#7 [ 3/17] RUN dnf -y module disable postgresql &&     dnf -y install --enablerepo=crb perl-IPC-Run utf8proc-devel gobject-introspection-devel &&     dnf -y install https://packages.apache.org/artifactory/arrow/almalinux/9/apache-arrow-release-latest.rpm &&     dnf -y install --enablerepo=crb python3.11 python3.11-pip gcc-c++ redhat-rpm-config make gcc glibc-devel git nano osm2pgsql osmctools mc sudo arrow-devel parquet-devel  &&     dnf -y install --enablerepo=crb postgresql16-devel postgresql16-server postgis34_16 pg_strom-PG16 postgresql16-contrib postgresql-plpython3 &&     dnf clean all && dnf clean metadata
#7 CACHED

#8 [ 4/17] RUN echo "postgres ALL=(ALL) NOPASSWD:ALL" >> /etc/sudoers
#8 CACHED

#9 [ 5/17] RUN mkdir -p "/var/lib/pgsql/16/data" && chown -R postgres:postgres "/var/lib/pgsql/16/data" && chmod 777 "/var/lib/pgsql/16/data"
#9 CACHED

#10 [ 8/17] WORKDIR /tmp
#10 CACHED

#11 [ 2/17] RUN curl -LO https://heterodb.github.io/swdc/yum/rhel9-noarch/heterodb-swdc-1.3-1.el9.noarch.rpm &&     curl -LO https://dl.fedoraproject.org/pub/epel/epel-release-latest-9.noarch.rpm &&     curl -LO https://download.postgresql.org/pub/repos/yum/reporpms/EL-9-x86_64/pgdg-redhat-repo-latest.noarch.rpm &&     rpm -i heterodb-swdc-1.3-1.el9.noarch.rpm &&     rpm -i epel-release-latest-9.noarch.rpm &&     rpm -i pgdg-redhat-repo-latest.noarch.rpm &&     rm -rf heterodb-swdc-1.3-1.el9.noarch.rpm epel-release-latest-9.noarch.rpm pgdg-redhat-repo-latest.noarch.rpm
#11 CACHED

#12 [ 9/17] RUN git clone --branch v0.8.1 https://github.com/pgvector/pgvector.git &&    cd pgvector &&    make  &&    make install
#12 CACHED

#13 [internal] load build context
#13 transferring context: 139B done
#13 DONE 0.0s

#14 [10/17] RUN mkdir /docker-entrypoint-initdb.d
#14 DONE 0.2s

#15 [11/17] COPY postgresql.conf /docker-entrypoint-initdb.d/
#15 DONE 0.0s

#16 [12/17] COPY pg_hba.conf /docker-entrypoint-initdb.d/
#16 DONE 0.0s

#17 [13/17] COPY init-db.sh /docker-entrypoint-initdb.d/
#17 DONE 0.0s

#18 [14/17] RUN chmod +x /docker-entrypoint-initdb.d/init-db.sh
#18 DONE 0.2s

#19 [15/17] COPY custom-entrypoint.sh /usr/local/bin/
#19 DONE 0.0s

#20 [16/17] RUN chmod +x /usr/local/bin/custom-entrypoint.sh
#20 DONE 0.2s

#21 [17/17] WORKDIR /app
#21 DONE 0.0s

#22 exporting to image
#22 exporting layers
#22 exporting layers 29.8s done
#22 writing image sha256:ec35c219541462f62c34f0e4657c8724ef25466d5c476b037ea1be46864fde57 done
#22 naming to docker.io/library/mypg16-rocky9 done
#22 DONE 29.8s

 [33m2 warnings found (use docker --debug to expand):
[0m - LegacyKeyValueFormat: "ENV key=value" should be used instead of legacy "ENV key value" format (line 22)
 - LegacyKeyValueFormat: "ENV key=value" should be used instead of legacy "ENV key value" format (line 23)
